
> web-framework@0.1.0 test /home/robc/code-robspassky/web-framework
> npm run build && mocha --compilers ts:ts-node/register --recursive test/**/*-spec.ts


> web-framework@0.1.0 build /home/robc/code-robspassky/web-framework
> npm run clean && npm run lint && echo Using Typescript && tsc --version && tsc --pretty


> web-framework@0.1.0 clean /home/robc/code-robspassky/web-framework
> rimraf lib


> web-framework@0.1.0 lint /home/robc/code-robspassky/web-framework
> tslint --force --format verbose "src/**/*.ts"

Using Typescript
Version 2.0.3

/home/robc/code-robspassky/web-framework/node_modules/mocha/lib/suite.js:338
  test.timeout(this.timeout());
                    ^
TypeError: this.timeout is not a function
    at Suite.addTest (/home/robc/code-robspassky/web-framework/node_modules/mocha/lib/suite.js:338:21)
    at context.it.context.specify (/home/robc/code-robspassky/web-framework/node_modules/mocha/lib/interfaces/bdd.js:86:13)
    at Suite.<anonymous> (/home/robc/code-robspassky/web-framework/test/Server-spec.ts:55:3)
    at Object.create (/home/robc/code-robspassky/web-framework/node_modules/mocha/lib/interfaces/common.js:114:19)
    at context.describe.context.context (/home/robc/code-robspassky/web-framework/node_modules/mocha/lib/interfaces/bdd.js:42:27)
    at Object.<anonymous> (/home/robc/code-robspassky/web-framework/test/Server-spec.ts:8:1)
    at Module._compile (module.js:556:32)
    at Module.m._compile (/home/robc/code-robspassky/web-framework/node_modules/ts-node/src/index.ts:299:25)
    at Module._extensions..js (module.js:565:10)
    at Object.require.extensions.(anonymous function) [as .ts] (/home/robc/code-robspassky/web-framework/node_modules/ts-node/src/index.ts:302:14)
    at Module.load (module.js:473:32)
    at tryModuleLoad (module.js:432:12)
    at Function.Module._load (module.js:424:3)
    at Module.require (module.js:483:17)
    at require (internal/module.js:20:19)
    at /home/robc/code-robspassky/web-framework/node_modules/mocha/lib/mocha.js:220:27
    at Array.forEach (native)
    at Mocha.loadFiles (/home/robc/code-robspassky/web-framework/node_modules/mocha/lib/mocha.js:217:14)
    at Mocha.run (/home/robc/code-robspassky/web-framework/node_modules/mocha/lib/mocha.js:485:10)
    at Object.<anonymous> (/home/robc/code-robspassky/web-framework/node_modules/mocha/bin/_mocha:457:18)
    at Module._compile (module.js:556:32)
    at Object.Module._extensions..js (module.js:565:10)
    at Module.load (module.js:473:32)
    at tryModuleLoad (module.js:432:12)
    at Function.Module._load (module.js:424:3)
    at Module.runMain (module.js:590:10)
    at run (bootstrap_node.js:394:7)
    at startup (bootstrap_node.js:149:9)
    at bootstrap_node.js:509:3

npm ERR! Linux 3.4.0+
npm ERR! argv "/home/robc/.nvm/versions/node/v6.7.0/bin/node" "/home/robc/.nvm/versions/node/v6.7.0/bin/npm" "run" "test"
npm ERR! node v6.7.0
npm ERR! npm  v3.10.3
npm ERR! code ELIFECYCLE
npm ERR! web-framework@0.1.0 test: `npm run build && mocha --compilers ts:ts-node/register --recursive test/**/*-spec.ts`
npm ERR! Exit status 1
npm ERR! 
npm ERR! Failed at the web-framework@0.1.0 test script 'npm run build && mocha --compilers ts:ts-node/register --recursive test/**/*-spec.ts'.
npm ERR! Make sure you have the latest version of node.js and npm installed.
npm ERR! If you do, this is most likely a problem with the web-framework package,
npm ERR! not with npm itself.
npm ERR! Tell the author that this fails on your system:
npm ERR!     npm run build && mocha --compilers ts:ts-node/register --recursive test/**/*-spec.ts
npm ERR! You can get information on how to open an issue for this project with:
npm ERR!     npm bugs web-framework
npm ERR! Or if that isn't available, you can get their info via:
npm ERR!     npm owner ls web-framework
npm ERR! There is likely additional logging output above.

npm ERR! Please include the following file with any support request:
npm ERR!     /home/robc/code-robspassky/web-framework/test/htdocs/npm-debug.log
